<?xml version="1.0" encoding="UTF-8" standalone="yes"?><!DOCTYPE report PUBLIC "-//JACOCO//DTD Report 1.1//EN" "report.dtd"><report name="TP_TEST_1"><sessioninfo id="SL-c12cb562" start="1605278415835" dump="1605278416754"/><sessioninfo id="SL-95a76767" start="1605517037580" dump="1605517038520"/><sessioninfo id="SL-53c983e6" start="1605517952388" dump="1605517953295"/><sessioninfo id="SL-ac2d6133" start="1605519964173" dump="1605519965185"/><sessioninfo id="SL-72ebacee" start="1605520024375" dump="1605520025283"/><sessioninfo id="SL-4981ae88" start="1605520084116" dump="1605520085015"/><sessioninfo id="SL-eed0d898" start="1605520144617" dump="1605520145676"/><sessioninfo id="SL-d6d0594d" start="1605520204118" dump="1605520204998"/><sessioninfo id="SL-ce7209fe" start="1605520264256" dump="1605520265236"/><sessioninfo id="SL-18597d10" start="1605520324285" dump="1605520325206"/><sessioninfo id="SL-deeef271" start="1605520384346" dump="1605520385381"/><sessioninfo id="SL-5f65ba1c" start="1605520444233" dump="1605520445137"/><sessioninfo id="SL-6fdabdb3" start="1605520504360" dump="1605520505263"/><sessioninfo id="SL-6d86dc65" start="1605520564644" dump="1605520565617"/><sessioninfo id="SL-bdbd3884" start="1605520624134" dump="1605520625056"/><sessioninfo id="SL-524978ab" start="1605520684540" dump="1605520685674"/><sessioninfo id="SL-95a7879e" start="1605520744112" dump="1605520744998"/><sessioninfo id="SL-4cdca90f" start="1605520804172" dump="1605520805032"/><sessioninfo id="SL-950ee542" start="1605520864124" dump="1605520865017"/><sessioninfo id="SL-faa35b4e" start="1605520924168" dump="1605520925057"/><sessioninfo id="SL-e11392aa" start="1605520984124" dump="1605520985005"/><sessioninfo id="SL-3eac7161" start="1605521044146" dump="1605521045009"/><sessioninfo id="SL-f5aa244a" start="1605521104084" dump="1605521104955"/><sessioninfo id="SL-47f765cd" start="1605521164086" dump="1605521164990"/><sessioninfo id="SL-f1c481ac" start="1605521224148" dump="1605521225008"/><sessioninfo id="SL-a948ce9c" start="1605521284143" dump="1605521285011"/><sessioninfo id="SL-314310be" start="1605521344225" dump="1605521345340"/><sessioninfo id="SL-e023df08" start="1605521404186" dump="1605521405198"/><sessioninfo id="SL-c98dd7e6" start="1605521464094" dump="1605521464973"/><sessioninfo id="SL-45df11cb" start="1605521524128" dump="1605521525020"/><sessioninfo id="SL-db4cdd05" start="1605521584165" dump="1605521585088"/><sessioninfo id="SL-fa2ed205" start="1605521644118" dump="1605521644986"/><sessioninfo id="SL-3b874325" start="1605521704081" dump="1605521704982"/><sessioninfo id="SL-2aa2d300" start="1605521764131" dump="1605521765008"/><sessioninfo id="SL-1a735794" start="1605521824101" dump="1605521824974"/><sessioninfo id="SL-5933be2e" start="1605521884309" dump="1605521885208"/><sessioninfo id="SL-a51f42ef" start="1605521944141" dump="1605521945021"/><sessioninfo id="SL-dfd6031f" start="1605522004699" dump="1605522005792"/><sessioninfo id="SL-dd83f568" start="1605522064231" dump="1605522065216"/><sessioninfo id="SL-12ebb7ed" start="1605522124346" dump="1605522125261"/><sessioninfo id="SL-a649276f" start="1605522184216" dump="1605522185097"/><sessioninfo id="SL-8e7c2ec2" start="1605522244112" dump="1605522244988"/><sessioninfo id="SL-77227274" start="1605522304171" dump="1605522305067"/><sessioninfo id="SL-74e316fd" start="1605522364118" dump="1605522365049"/><sessioninfo id="SL-5c7810a7" start="1605522424117" dump="1605522425118"/><sessioninfo id="SL-9216baa7" start="1605522484108" dump="1605522485014"/><sessioninfo id="SL-ca086d14" start="1605522544453" dump="1605522545373"/><sessioninfo id="SL-b4226711" start="1605522604138" dump="1605522605009"/><sessioninfo id="SL-c6289a5d" start="1605522664121" dump="1605522664998"/><sessioninfo id="SL-86de8614" start="1605522724133" dump="1605522725062"/><sessioninfo id="SL-8e92cfc9" start="1605522784154" dump="1605522785049"/><sessioninfo id="SL-dfac2c3b" start="1605522844117" dump="1605522844981"/><sessioninfo id="SL-2d169e01" start="1605522904091" dump="1605522904957"/><sessioninfo id="SL-bde9ed6f" start="1605522964165" dump="1605522965006"/><sessioninfo id="SL-3ea9613e" start="1605523024177" dump="1605523025064"/><sessioninfo id="SL-2df0833c" start="1605523084262" dump="1605523085121"/><sessioninfo id="SL-34aa2888" start="1605523144241" dump="1605523145267"/><sessioninfo id="SL-86d44f94" start="1605523204091" dump="1605523204948"/><sessioninfo id="SL-f3771757" start="1605523264618" dump="1605523265688"/><sessioninfo id="SL-a8a58429" start="1605523324293" dump="1605523325224"/><sessioninfo id="SL-df3b337b" start="1605523384367" dump="1605523385346"/><sessioninfo id="SL-fa7f0683" start="1605523444335" dump="1605523445337"/><sessioninfo id="SL-b189e5ad" start="1605523504435" dump="1605523505328"/><sessioninfo id="SL-df305d5b" start="1605523564233" dump="1605523565166"/><sessioninfo id="SL-9e3eaa0" start="1605523624323" dump="1605523625257"/><sessioninfo id="SL-f533dfdc" start="1605523684194" dump="1605523685118"/><sessioninfo id="SL-b2cfd521" start="1605523745337" dump="1605523746563"/><sessioninfo id="SL-1c097762" start="1605523804204" dump="1605523805175"/><sessioninfo id="SL-65160262" start="1605523864259" dump="1605523865157"/><sessioninfo id="SL-4483d7c9" start="1605523924150" dump="1605523925036"/><sessioninfo id="SL-2a4b6fdd" start="1605523984200" dump="1605523985092"/><sessioninfo id="SL-ab7712af" start="1605524044340" dump="1605524045251"/><sessioninfo id="SL-afb7781" start="1605524104993" dump="1605524106452"/><sessioninfo id="SL-85904675" start="1605524164689" dump="1605524165682"/><sessioninfo id="SL-51086517" start="1605524224653" dump="1605524225718"/><sessioninfo id="SL-ebee83c6" start="1605524284231" dump="1605524285130"/><sessioninfo id="SL-6ec1f3ad" start="1605524344154" dump="1605524345050"/><sessioninfo id="SL-9d35870d" start="1605524404184" dump="1605524405094"/><sessioninfo id="SL-d14b2f93" start="1605524464609" dump="1605524465633"/><sessioninfo id="SL-8c8f967a" start="1605524524618" dump="1605524525615"/><sessioninfo id="SL-297e4acb" start="1605524584851" dump="1605524585961"/><sessioninfo id="SL-896f2f50" start="1605524644287" dump="1605524645232"/><sessioninfo id="SL-b53b8718" start="1605524704212" dump="1605524705117"/><sessioninfo id="SL-506ef22" start="1605524764332" dump="1605524765251"/><sessioninfo id="SL-ad8b2ebb" start="1605524824137" dump="1605524825071"/><sessioninfo id="SL-937c8c5c" start="1605524884636" dump="1605524885710"/><sessioninfo id="SL-580a92b7" start="1605524944443" dump="1605524945351"/><sessioninfo id="SL-ca65b529" start="1605525004260" dump="1605525005199"/><sessioninfo id="SL-1790b3e4" start="1605525064214" dump="1605525065311"/><sessioninfo id="SL-74b1bd50" start="1605525124186" dump="1605525125128"/><sessioninfo id="SL-9c3c3b61" start="1605525184230" dump="1605525185144"/><sessioninfo id="SL-6f1a7f9f" start="1605525245801" dump="1605525247669"/><sessioninfo id="SL-68bbd98d" start="1605525304522" dump="1605525305625"/><sessioninfo id="SL-acfe4cc9" start="1605525364370" dump="1605525365361"/><sessioninfo id="SL-3c665509" start="1605525424419" dump="1605525425596"/><sessioninfo id="SL-829350b6" start="1605525484365" dump="1605525485430"/><sessioninfo id="SL-fc58e33a" start="1605525544174" dump="1605525545096"/><sessioninfo id="SL-1d4a4d8d" start="1605525604223" dump="1605525605139"/><sessioninfo id="SL-89b9a0b5" start="1605525664168" dump="1605525665102"/><sessioninfo id="SL-433614fa" start="1605525724484" dump="1605525725469"/><sessioninfo id="SL-4629f403" start="1605525784321" dump="1605525785306"/><sessioninfo id="SL-36fbf883" start="1605525844282" dump="1605525845187"/><sessioninfo id="SL-166a223a" start="1605525904389" dump="1605525905483"/><sessioninfo id="SL-3362fb1c" start="1605525964510" dump="1605525965501"/><sessioninfo id="SL-9c5673a1" start="1605526024183" dump="1605526025216"/><sessioninfo id="SL-2646edac" start="1605526084469" dump="1605526085415"/><sessioninfo id="SL-1bd39634" start="1605526144181" dump="1605526145097"/><sessioninfo id="SL-52ec579f" start="1605526204126" dump="1605526205008"/><sessioninfo id="SL-e5980aea" start="1605526264287" dump="1605526265219"/><sessioninfo id="SL-3866a68b" start="1605526324120" dump="1605526325046"/><sessioninfo id="SL-243899b4" start="1605526384147" dump="1605526385051"/><sessioninfo id="SL-ce96557c" start="1605526444155" dump="1605526445040"/><sessioninfo id="SL-bc06bc6a" start="1605526504276" dump="1605526505233"/><sessioninfo id="SL-3f4bcee7" start="1605526564605" dump="1605526565576"/><sessioninfo id="SL-8be9a58f" start="1605526624382" dump="1605526625365"/><sessioninfo id="SL-b161ee93" start="1605526684357" dump="1605526685312"/><sessioninfo id="SL-b448310" start="1605526744340" dump="1605526745423"/><sessioninfo id="SL-4c0710c4" start="1605526804209" dump="1605526805215"/><sessioninfo id="SL-6cb28ee3" start="1605526864258" dump="1605526865150"/><sessioninfo id="SL-b6f05e0b" start="1605526924167" dump="1605526925088"/><sessioninfo id="SL-ed3e8436" start="1605526984251" dump="1605526985181"/><sessioninfo id="SL-409e6d21" start="1605527044193" dump="1605527045079"/><sessioninfo id="SL-d6913fb7" start="1605527104245" dump="1605527105145"/><sessioninfo id="SL-32498ad7" start="1605527164275" dump="1605527165148"/><sessioninfo id="SL-208716e4" start="1605527224318" dump="1605527225255"/><sessioninfo id="SL-98f4a5a5" start="1605527284452" dump="1605527285426"/><sessioninfo id="SL-5b36a42e" start="1605527344282" dump="1605527345270"/><sessioninfo id="SL-3189e1b4" start="1605527404296" dump="1605527405237"/><sessioninfo id="SL-bb3da0f9" start="1605527464243" dump="1605527465233"/><sessioninfo id="SL-d7bf8c5a" start="1605527524394" dump="1605527525382"/><sessioninfo id="SL-56e47038" start="1605527584823" dump="1605527585840"/><sessioninfo id="SL-9d597e4a" start="1605527644247" dump="1605527645179"/><sessioninfo id="SL-8fe872c5" start="1605527704360" dump="1605527705298"/><sessioninfo id="SL-c40b894b" start="1605527764211" dump="1605527765170"/><package name="classes"><class name="classes/MaClasse" sourcefilename="MaClasse.java"><method name="&lt;init&gt;" desc="()V" line="7"><counter type="INSTRUCTION" missed="0" covered="6"/><counter type="LINE" missed="0" covered="3"/><counter type="COMPLEXITY" missed="0" covered="1"/><counter type="METHOD" missed="0" covered="1"/></method><method name="biggestNumber" desc="([I)I" line="12"><counter type="INSTRUCTION" missed="0" covered="28"/><counter type="BRANCH" missed="0" covered="6"/><counter type="LINE" missed="0" covered="7"/><counter type="COMPLEXITY" missed="0" covered="4"/><counter type="METHOD" missed="0" covered="1"/></method><counter type="INSTRUCTION" missed="0" covered="34"/><counter type="BRANCH" missed="0" covered="6"/><counter type="LINE" missed="0" covered="10"/><counter type="COMPLEXITY" missed="0" covered="5"/><counter type="METHOD" missed="0" covered="2"/><counter type="CLASS" missed="0" covered="1"/></class><sourcefile name="MaClasse.java"><line nr="7" mi="0" ci="2" mb="0" cb="0"/><line nr="8" mi="0" ci="3" mb="0" cb="0"/><line nr="9" mi="0" ci="1" mb="0" cb="0"/><line nr="12" mi="0" ci="2" mb="0" cb="2"/><line nr="13" mi="0" ci="5" mb="0" cb="0"/><line nr="15" mi="0" ci="2" mb="0" cb="0"/><line nr="16" mi="0" ci="8" mb="0" cb="2"/><line nr="17" mi="0" ci="5" mb="0" cb="2"/><line nr="18" mi="0" ci="4" mb="0" cb="0"/><line nr="22" mi="0" ci="2" mb="0" cb="0"/><counter type="INSTRUCTION" missed="0" covered="34"/><counter type="BRANCH" missed="0" covered="6"/><counter type="LINE" missed="0" covered="10"/><counter type="COMPLEXITY" missed="0" covered="5"/><counter type="METHOD" missed="0" covered="2"/><counter type="CLASS" missed="0" covered="1"/></sourcefile><counter type="INSTRUCTION" missed="0" covered="34"/><counter type="BRANCH" missed="0" covered="6"/><counter type="LINE" missed="0" covered="10"/><counter type="COMPLEXITY" missed="0" covered="5"/><counter type="METHOD" missed="0" covered="2"/><counter type="CLASS" missed="0" covered="1"/></package><package name="exceptions"><class name="exceptions/invalidListException" sourcefilename="invalidListException.java"><method name="&lt;init&gt;" desc="(Ljava/lang/String;)V" line="5"><counter type="INSTRUCTION" missed="0" covered="4"/><counter type="LINE" missed="0" covered="2"/><counter type="COMPLEXITY" missed="0" covered="1"/><counter type="METHOD" missed="0" covered="1"/></method><counter type="INSTRUCTION" missed="0" covered="4"/><counter type="LINE" missed="0" covered="2"/><counter type="COMPLEXITY" missed="0" covered="1"/><counter type="METHOD" missed="0" covered="1"/><counter type="CLASS" missed="0" covered="1"/></class><sourcefile name="invalidListException.java"><line nr="5" mi="0" ci="3" mb="0" cb="0"/><line nr="6" mi="0" ci="1" mb="0" cb="0"/><counter type="INSTRUCTION" missed="0" covered="4"/><counter type="LINE" missed="0" covered="2"/><counter type="COMPLEXITY" missed="0" covered="1"/><counter type="METHOD" missed="0" covered="1"/><counter type="CLASS" missed="0" covered="1"/></sourcefile><counter type="INSTRUCTION" missed="0" covered="4"/><counter type="LINE" missed="0" covered="2"/><counter type="COMPLEXITY" missed="0" covered="1"/><counter type="METHOD" missed="0" covered="1"/><counter type="CLASS" missed="0" covered="1"/></package><counter type="INSTRUCTION" missed="0" covered="38"/><counter type="BRANCH" missed="0" covered="6"/><counter type="LINE" missed="0" covered="12"/><counter type="COMPLEXITY" missed="0" covered="6"/><counter type="METHOD" missed="0" covered="3"/><counter type="CLASS" missed="0" covered="2"/></report>